[35m[Appium][39m Welcome to Appium v1.22.3
[35m[Appium][39m Non-default server args:
[35m[Appium][39m   port: 60258
[35m[Appium][39m   loglevel: info
[35m[Appium][39m   tmpDir: C:\Users\pgg\AppData\Local\Temp\\Katalon\Appium\Temp1677480813884
[35m[Appium][39m   chromedriverPort: 60259
[35m[Appium][39m Deprecated server args:
[35m[Appium][39m   [31m--chromedriver-port[39m => --default-capabilities
[35m[Appium][39m Default capabilities, which will be added to each request unless overridden by desired capabilities:
[35m[Appium][39m   chromedriverPort: 60259
[35m[Appium][39m Appium REST http interface listener started on 0.0.0.0:60258
[35m[HTTP][39m [37m-->[39m [37mGET[39m [37m/wd/hub/status[39m
[35m[HTTP][39m [90m{}[39m
[35m[HTTP][39m [37m<-- GET /wd/hub/status [39m[32m200[39m [90m16 ms - 68[39m
[35m[HTTP][39m [90m[39m
[35m[HTTP][39m [37m-->[39m [37mGET[39m [37m/wd/hub/status[39m
[35m[HTTP][39m [90m{}[39m
[35m[HTTP][39m [37m<-- GET /wd/hub/status [39m[32m200[39m [90m3 ms - 68[39m
[35m[HTTP][39m [90m[39m
[35m[HTTP][39m [37m-->[39m [37mPOST[39m [37m/wd/hub/session[39m
[35m[HTTP][39m [90m{"desiredCapabilities":{"appActivity":".Settings","appPackage":"com.android.settings","newCommandTimeout":1800,"platformVersion":"11","automationName":"uiautomator2","autoGrantPermissions":true,"platformName":"Android","udid":"7HVK6L69INU4DUV4","deviceName":"Xiaomi M2006C3LG (Android 11)","platform":"ANDROID","systemPort":8262},"capabilities":{"firstMatch":[{"appium:appActivity":".Settings","appium:appPackage":"com.android.settings","appium:autoGrantPermissions":true,"appium:automationName":"uiautomator2","appium:deviceName":"Xiaomi M2006C3LG (Android 11)","appium:newCommandTimeout":1800,"platform":"ANDROID","platformName":"android","appium:platformVersion":"11","appium:systemPort":8262,"appium:udid":"7HVK6L69INU4DUV4"}]}}[39m
[35m[BaseDriver][39m The following capabilities are not standard capabilities and should have an extension prefix:
[35m[BaseDriver][39m   platform
[35m[BaseDriver][39m   chromedriverPort
[35m[Appium][39m Appium v1.22.3 creating new AndroidUiautomator2Driver (v1.70.1) session
[35m[BaseDriver][39m The following capabilities were provided, but are not recognized by Appium:
[35m[BaseDriver][39m   platform
[35m[BaseDriver][39m Session created with session id: 7bc24360-718f-4dce-9184-cda126da7807
[35m[UiAutomator2][39m Starting 'com.android.settings' directly on the device
[35m[ADB][39m Found 1 'build-tools' folders under 'C:\Users\pgg\.katalon\tools\android_sdk' (newest first):
[35m[ADB][39m     C:/Users/pgg/.katalon/tools/android_sdk/build-tools/29.0.3
[35m[ADB][39m Using 'adb.exe' from 'C:\Users\pgg\.katalon\tools\android_sdk\platform-tools\adb.exe'
[35m[AndroidDriver][39m Retrieving device list
[35m[AndroidDriver][39m Using device: 7HVK6L69INU4DUV4
[35m[ADB][39m Using 'adb.exe' from 'C:\Users\pgg\.katalon\tools\android_sdk\platform-tools\adb.exe'
[35m[ADB][39m Getting device platform version
[35m[UiAutomator2][39m Relaxing hidden api policy
[35m[AndroidDriver][39m No app sent in, not parsing package/activity
[35m[ADB][39m Using 'apksigner.jar' from 'C:\Users\pgg\.katalon\tools\android_sdk\build-tools\29.0.3\lib\apksigner.jar'
[35m[ADB][39m 'C:\Users\pgg\AppData\Roaming\npm\node_modules\appium\node_modules\appium-uiautomator2-server\apks\appium-uiautomator2-server-v4.27.0.apk' is signed with the default certificate
[35m[ADB][39m 'C:\Users\pgg\AppData\Roaming\npm\node_modules\appium\node_modules\appium-uiautomator2-server\apks\appium-uiautomator2-server-debug-androidTest.apk' is signed with the default certificate
[35m[UiAutomator2][39m Server packages are not going to be (re)installed
[35m[ADB][39m Adding packages ["io.appium.settings","io.appium.uiautomator2.server","io.appium.uiautomator2.server.test"] to Doze whitelist
[35m[UiAutomator2][39m Starting UIAutomator2 server 4.27.0
[35m[UiAutomator2][39m Using UIAutomator2 server from 'C:\Users\pgg\AppData\Roaming\npm\node_modules\appium\node_modules\appium-uiautomator2-server\apks\appium-uiautomator2-server-v4.27.0.apk' and test from 'C:\Users\pgg\AppData\Roaming\npm\node_modules\appium\node_modules\appium-uiautomator2-server\apks\appium-uiautomator2-server-debug-androidTest.apk'
[35m[UiAutomator2][39m Waiting up to 30000ms for UiAutomator2 to be online...
[35m[WD Proxy][39m socket hang up
[35m[WD Proxy][39m socket hang up
[35m[WD Proxy][39m socket hang up
[35m[WD Proxy][39m socket hang up
[35m[WD Proxy][39m Determined the downstream protocol as 'W3C'
[35m[AndroidDriver][39m Screen already unlocked, doing nothing
[35m[UiAutomator2][39m Starting 'com.android.settings/.Settings and waiting for 'com.android.settings/.Settings'
[35m[Appium][39m New AndroidUiautomator2Driver session created successfully, session 7bc24360-718f-4dce-9184-cda126da7807 added to master session list
[35m[HTTP][39m [37m<-- POST /wd/hub/session [39m[32m200[39m [90m17883 ms - 1172[39m
[35m[HTTP][39m [90m[39m
[35m[HTTP][39m [37m-->[39m [37mGET[39m [37m/wd/hub/session/7bc24360-718f-4dce-9184-cda126da7807[39m
[35m[HTTP][39m [90m{}[39m
[35m[HTTP][39m [37m<-- GET /wd/hub/session/7bc24360-718f-4dce-9184-cda126da7807 [39m[32m200[39m [90m178 ms - 1126[39m
[35m[HTTP][39m [90m[39m
[35m[HTTP][39m [37m-->[39m [37mGET[39m [37m/wd/hub/session/7bc24360-718f-4dce-9184-cda126da7807[39m
[35m[HTTP][39m [90m{}[39m
[35m[HTTP][39m [37m<-- GET /wd/hub/session/7bc24360-718f-4dce-9184-cda126da7807 [39m[32m200[39m [90m109 ms - 1126[39m
[35m[HTTP][39m [90m[39m
[35m[HTTP][39m [37m-->[39m [37mGET[39m [37m/wd/hub/status[39m
[35m[HTTP][39m [90m{}[39m
[35m[HTTP][39m [37m<-- GET /wd/hub/status [39m[32m200[39m [90m3 ms - 68[39m
[35m[HTTP][39m [90m[39m
[35m[HTTP][39m [37m-->[39m [37mPOST[39m [37m/wd/hub/session/7bc24360-718f-4dce-9184-cda126da7807/timeouts[39m
[35m[HTTP][39m [90m{"implicit":60000}[39m
[35m[HTTP][39m [37m<-- POST /wd/hub/session/7bc24360-718f-4dce-9184-cda126da7807/timeouts [39m[32m200[39m [90m10 ms - 14[39m
[35m[HTTP][39m [90m[39m
[35m[HTTP][39m [37m-->[39m [37mPOST[39m [37m/wd/hub/session/7bc24360-718f-4dce-9184-cda126da7807/appium/device/activate_app[39m
[35m[HTTP][39m [90m{"bundleId":"com.inditex.zara"}[39m
[35m[HTTP][39m [37m<-- POST /wd/hub/session/7bc24360-718f-4dce-9184-cda126da7807/appium/device/activate_app [39m[32m200[39m [90m1093 ms - 14[39m
[35m[HTTP][39m [90m[39m
[35m[HTTP][39m [37m-->[39m [37mGET[39m [37m/wd/hub/session/7bc24360-718f-4dce-9184-cda126da7807/source[39m
[35m[HTTP][39m [90m{}[39m
[35m[W3C (7bc24360)][39m Driver proxy active, passing request on via HTTP proxy
[35m[WD Proxy][39m Replacing sessionId 3cadc0e7-a75a-4df2-9d24-51edd48b8a43 with 7bc24360-718f-4dce-9184-cda126da7807
[35m[HTTP][39m [37m<-- GET /wd/hub/session/7bc24360-718f-4dce-9184-cda126da7807/source [39m[32m200[39m [90m2262 ms - 58170[39m
[35m[HTTP][39m [90m[39m
[35m[HTTP][39m [37m-->[39m [37mGET[39m [37m/wd/hub/session/7bc24360-718f-4dce-9184-cda126da7807/screenshot[39m
[35m[HTTP][39m [90m{}[39m
[35m[HTTP][39m [37m<-- GET /wd/hub/session/7bc24360-718f-4dce-9184-cda126da7807/screenshot [39m[32m200[39m [90m765 ms - 131964[39m
[35m[HTTP][39m [90m[39m
[35m[HTTP][39m [37m-->[39m [37mGET[39m [37m/wd/hub/session/7bc24360-718f-4dce-9184-cda126da7807/source[39m
[35m[HTTP][39m [90m{}[39m
[35m[W3C (7bc24360)][39m Driver proxy active, passing request on via HTTP proxy
[35m[WD Proxy][39m Replacing sessionId 3cadc0e7-a75a-4df2-9d24-51edd48b8a43 with 7bc24360-718f-4dce-9184-cda126da7807
[35m[HTTP][39m [37m<-- GET /wd/hub/session/7bc24360-718f-4dce-9184-cda126da7807/source [39m[32m200[39m [90m492 ms - 58170[39m
[35m[HTTP][39m [90m[39m
[35m[HTTP][39m [37m-->[39m [37mGET[39m [37m/wd/hub/session/7bc24360-718f-4dce-9184-cda126da7807/screenshot[39m
[35m[HTTP][39m [90m{}[39m
[35m[HTTP][39m [37m<-- GET /wd/hub/session/7bc24360-718f-4dce-9184-cda126da7807/screenshot [39m[32m200[39m [90m724 ms - 131928[39m
[35m[HTTP][39m [90m[39m
[35m[HTTP][39m [37m-->[39m [37mGET[39m [37m/wd/hub/session/7bc24360-718f-4dce-9184-cda126da7807/source[39m
[35m[HTTP][39m [90m{}[39m
[35m[W3C (7bc24360)][39m Driver proxy active, passing request on via HTTP proxy
[35m[WD Proxy][39m Replacing sessionId 3cadc0e7-a75a-4df2-9d24-51edd48b8a43 with 7bc24360-718f-4dce-9184-cda126da7807
[35m[HTTP][39m [37m<-- GET /wd/hub/session/7bc24360-718f-4dce-9184-cda126da7807/source [39m[32m200[39m [90m486 ms - 58170[39m
[35m[HTTP][39m [90m[39m
[35m[HTTP][39m [37m-->[39m [37mGET[39m [37m/wd/hub/session/7bc24360-718f-4dce-9184-cda126da7807/screenshot[39m
[35m[HTTP][39m [90m{}[39m
[35m[HTTP][39m [37m<-- GET /wd/hub/session/7bc24360-718f-4dce-9184-cda126da7807/screenshot [39m[32m200[39m [90m720 ms - 131928[39m
[35m[HTTP][39m [90m[39m
[35m[HTTP][39m [37m-->[39m [37mDELETE[39m [37m/wd/hub/session/7bc24360-718f-4dce-9184-cda126da7807[39m
[35m[HTTP][39m [90m{}[39m
[35m[Appium][39m Removing session 7bc24360-718f-4dce-9184-cda126da7807 from our master session list
[35m[UiAutomator2][39m Restoring hidden api policy to the device default configuration
[35m[HTTP][39m [37m<-- DELETE /wd/hub/session/7bc24360-718f-4dce-9184-cda126da7807 [39m[32m200[39m [90m522 ms - 14[39m
[35m[HTTP][39m [90m[39m
